<?xml version="1.0" encoding="utf-8"?><testsuites name="pytest tests"><testsuite name="pytest" errors="0" failures="0" skipped="0" tests="14" time="9.823" timestamp="2026-09-24T19:52:20.487723+00:00" hostname="agent-env-9618d3b8-7eb3-4f59-ba8c-edd3d73f29ad"><testcase classname="tests.test_iteration_3" name="test_case_has_judge[case-johnson-1047-expected0]" time="0.271" /><testcase classname="tests.test_iteration_3" name="test_case_has_judge[case-vega-2101-expected1]" time="0.078" /><testcase classname="tests.test_iteration_3" name="test_case_has_judge[case-blackbyte-3300-expected2]" time="0.083" /><testcase classname="tests.test_iteration_3" name="test_case_has_judge[case-fiction-durk-99-expected3]" time="0.092" /><testcase classname="tests.test_iteration_3" name="test_all_judge_personalities_distinct" time="0.309" /><testcase classname="tests.test_iteration_3" name="test_daily_case" time="0.091" /><testcase classname="tests.test_iteration_3" name="test_daily_case_deterministic" time="0.149" /><testcase classname="tests.test_iteration_3" name="test_objection_strict_judge" time="3.586" /><testcase classname="tests.test_iteration_3" name="test_objection_lenient_judge" time="1.898" /><testcase classname="tests.test_iteration_3" name="test_objection_no_case_id" time="2.149" /><testcase classname="tests.test_iteration_3" name="test_witness_portrait_and_cache" time="0.411" /><testcase classname="tests.test_iteration_3" name="test_witness_portrait_404" time="0.076" /><testcase classname="tests.test_iteration_3" name="test_highlights_extraction" time="0.149" /><testcase classname="tests.test_iteration_3" name="test_highlights_404" time="0.153" /></testsuite></testsuites>