<?xml version="1.0" encoding="utf-8"?><testsuites name="pytest tests"><testsuite name="pytest" errors="0" failures="0" skipped="0" tests="14" time="9.003" timestamp="2026-09-24T18:59:27.223941+00:00" hostname="agent-env-9618d3b8-7eb3-4f59-ba8c-edd3d73f29ad"><testcase classname="tests.test_federal_trial" name="test_health" time="0.380" /><testcase classname="tests.test_federal_trial" name="test_list_cases" time="0.074" /><testcase classname="tests.test_federal_trial" name="test_case_has_clues[case-johnson-1047-4]" time="0.075" /><testcase classname="tests.test_federal_trial" name="test_case_has_clues[case-vega-2101-3]" time="0.073" /><testcase classname="tests.test_federal_trial" name="test_case_has_clues[case-blackbyte-3300-3]" time="0.078" /><testcase classname="tests.test_federal_trial" name="test_case_has_clues[case-fiction-durk-99-3]" time="0.074" /><testcase classname="tests.test_federal_trial" name="test_case_detail_not_found" time="0.073" /><testcase classname="tests.test_federal_trial" name="test_witness_respond" time="4.846" /><testcase classname="tests.test_federal_trial" name="test_witness_stream_sse" time="2.031" /><testcase classname="tests.test_federal_trial" name="test_witness_stream_bad_case" time="0.198" /><testcase classname="tests.test_federal_trial" name="test_verdict_regression" time="0.090" /><testcase classname="tests.test_federal_trial" name="test_list_replays" time="0.197" /><testcase classname="tests.test_federal_trial" name="test_get_replay" time="0.115" /><testcase classname="tests.test_federal_trial" name="test_delete_replay" time="0.372" /></testsuite></testsuites>