<?xml version="1.0" encoding="utf-8"?><testsuites name="pytest tests"><testsuite name="pytest" errors="0" failures="1" skipped="0" tests="10" time="9.526" timestamp="2026-09-24T18:41:25.486917+00:00" hostname="agent-env-9618d3b8-7eb3-4f59-ba8c-edd3d73f29ad"><testcase classname="tests.test_federal_trial" name="test_health" time="0.201" /><testcase classname="tests.test_federal_trial" name="test_list_cases" time="0.098" /><testcase classname="tests.test_federal_trial" name="test_filter_celebrity" time="0.077" /><testcase classname="tests.test_federal_trial" name="test_case_detail" time="0.089" /><testcase classname="tests.test_federal_trial" name="test_case_detail_not_found" time="0.076" /><testcase classname="tests.test_federal_trial" name="test_witness_respond" time="4.685" /><testcase classname="tests.test_federal_trial" name="test_objection_hearsay" time="2.352" /><testcase classname="tests.test_federal_trial" name="test_verdict" time="1.268"><failure message="assert 500 == 200&#10; +  where 500 = &lt;Response [500]&gt;.status_code">backend/tests/test_federal_trial.py:109: in test_verdict
    assert r.status_code == 200
E   assert 500 == 200
E    +  where 500 = &lt;Response [500]&gt;.status_code</failure></testcase><testcase classname="tests.test_federal_trial" name="test_career_guest_default" time="0.079" /><testcase classname="tests.test_federal_trial" name="test_career_save_and_rank_derivation" time="0.268" /></testsuite></testsuites>